Arguments: 
  /usr/local/Cellar/node/14.3.0/bin/node /usr/local/Cellar/yarn/1.22.4/libexec/bin/yarn.js install

PATH: 
  /usr/local/bin:/usr/bin:/bin:/usr/sbin:/sbin

Yarn version: 
  1.22.4

Node version: 
  14.3.0

Platform: 
  darwin x64

Trace: 
  Error: https://registry.yarnpkg.com/prop-types: ESOCKETTIMEDOUT
      at ClientRequest.<anonymous> (/usr/local/Cellar/yarn/1.22.4/libexec/lib/cli.js:141375:19)
      at Object.onceWrapper (events.js:421:28)
      at ClientRequest.emit (events.js:315:20)
      at TLSSocket.emitRequestTimeout (_http_client.js:768:9)
      at Object.onceWrapper (events.js:421:28)
      at TLSSocket.emit (events.js:327:22)
      at TLSSocket.Socket._onTimeout (net.js:480:8)
      at listOnTimeout (internal/timers.js:549:17)
      at processTimers (internal/timers.js:492:7)

npm manifest: 
  {
    "name": "@so-xzen/my-react",
    "version": "1.0.0",
    "description": "",
    "main": "index.js",
    "scripts": {
      "start": "webpack-dev-server --mode development --open",
      "build": "webpack --mode production"
    },
    "repository": {
      "type": "git",
      "url": "git+https://github.com/xzen/my-react.git"
    },
    "author": "",
    "license": "ISC",
    "bugs": {
      "url": "https://github.com/xzen/my-react/issues"
    },
    "homepage": "https://github.com/xzen/my-react#readme",
    "devDependencies": {
      "babel-core": "^6.26.3",
      "babel-loader": "^7.1.5",
      "babel-preset-env": "^1.7.0",
      "babel-preset-react": "^6.24.1",
      "css-loader": "^1.0.0",
      "eslint": "^6.8.0",
      "eslint-config-airbnb": "^18.0.1",
      "eslint-loader": "^3.0.3",
      "eslint-plugin-import": "^2.20.1",
      "eslint-plugin-jsx-a11y": "^6.2.3",
      "eslint-plugin-react": "^7.18.3",
      "eslint-plugin-react-hooks": "^1.7.0",
      "html-webpack-plugin": "^3.2.0",
      "mini-css-extract-plugin": "^0.4.3",
      "node-sass": "^4.9.3",
      "sass-loader": "^7.1.0",
      "style-loader": "^0.23.0",
      "webpack": "^4.41.6",
      "webpack-cli": "^3.1.1",
      "webpack-dev-server": "^3.1.8"
    },
    "dependencies": {
      "prop-types": "^15.7.2",
      "react": "^16.5.2",
      "react-dom": "^16.5.2",
      "react-redux": "^7.1.3",
      "react-router-dom": "^5.0.1",
      "redux": "^4.0.5",
      "redux-thunk": "^2.3.0"
    }
  }

yarn manifest: 
  No manifest

Lockfile: 
  No lockfile
